2024-09-18 09:13:31 [Information] No cached response available for this request.
2024-09-18 09:13:31 [Information] The response could not be cached for this request.
2024-09-18 09:13:31 [Information] HTTP "GET" "/swagger/index.html" responded 200 in 106.3533 ms
2024-09-18 09:13:31 [Information] No cached response available for this request.
2024-09-18 09:13:31 [Information] The response could not be cached for this request.
2024-09-18 09:13:31 [Information] HTTP "GET" "/swagger/index.js" responded 200 in 18.7369 ms
2024-09-18 09:13:31 [Information] No cached response available for this request.
2024-09-18 09:13:31 [Information] The response could not be cached for this request.
2024-09-18 09:13:31 [Information] HTTP "GET" "/swagger/v1/swagger.json" responded 200 in 185.5908 ms
2024-09-18 09:13:37 [Information] No cached response available for this request.
2024-09-18 09:13:37 [Information] Executing endpoint '"PawMates.API.Controllers.CommentsController.GetAllComments (PawMates.API)"'
2024-09-18 09:13:41 [Information] Executed endpoint '"PawMates.API.Controllers.CommentsController.GetAllComments (PawMates.API)"'
2024-09-18 09:13:41 [Information] The response could not be cached for this request.
2024-09-18 09:13:41 [Information] HTTP "GET" "/api/Comments" responded 200 in 3823.5329 ms
2024-09-18 09:15:01 [Information] Executing endpoint '"PawMates.API.Controllers.CommentsController.CreateComment (PawMates.API)"'
2024-09-18 09:15:01 [Information] Executed endpoint '"PawMates.API.Controllers.CommentsController.CreateComment (PawMates.API)"'
2024-09-18 09:15:01 [Information] HTTP "POST" "/api/Comments" responded 200 in 348.8949 ms
2024-09-18 09:15:04 [Information] No cached response available for this request.
2024-09-18 09:15:04 [Information] Executing endpoint '"PawMates.API.Controllers.CommentsController.GetAllComments (PawMates.API)"'
2024-09-18 09:15:04 [Information] Executed endpoint '"PawMates.API.Controllers.CommentsController.GetAllComments (PawMates.API)"'
2024-09-18 09:15:04 [Information] The response could not be cached for this request.
2024-09-18 09:15:04 [Information] HTTP "GET" "/api/Comments" responded 200 in 225.3094 ms
